<?xml version="1.0" encoding="UTF-8" ?>
<testsuite tests="4" failures="0" name="test.java.PhonenumbersTest" time="0.312" errors="0" skipped="0">
  <properties>
[...]
</properties>
  <testcase classname="test.java.PhonenumbersTest" name="testdoPost" time="0.312"/>
  <testcase classname="test.java.PhonenumbersTest" name="test" time="0"/>
  <testcase classname="test.java.PhonenumbersTest" name="test1" time="0"/>
  <testcase classname="test.java.PhonenumbersTest" name="test2" time="0"/>
</testsuite>