<?xml version="1.0" encoding="UTF-8" ?>
<testsuite tests="4" failures="1" name="test.java.PhonenumbersTest" time="0.328" errors="0" skipped="0">
  <properties>
    <property name="java.runtime.name" value="Java(TM) SE Runtime Environment"/>
    <property name="sun.boot.library.path" value="F:\Program Files (x86)\Java\jdk1.8.0_144\jre\bin"/>
    <property name="java.vm.version" value="25.144-b01"/>
    <property name="java.vm.vendor" value="Oracle Corporation"/>
    <property name="maven.multiModuleProjectDirectory" value="F:/Users/Owen/Documents/repo/ParsePNum"/>
    <property name="java.vendor.url" value="http://java.oracle.com/"/>
    <property name="path.separator" value=";"/>
    <property name="guice.disable.misplaced.annotation.check" value="true"/>
    <property name="java.vm.name" value="Java HotSpot(TM) Client VM"/>
    <property name="file.encoding.pkg" value="sun.io"/>
    <property name="user.script" value=""/>
    <property name="user.country" value="CA"/>
    <property name="sun.java.launcher" value="SUN_STANDARD"/>
    <property name="sun.os.patch.level" value="Service Pack 1"/>
    <property name="java.vm.specification.name" value="Java Virtual Machine Specification"/>
    <property name="user.dir" value="F:\Users\Owen\Documents\repo\ParsePNum"/>
    <property name="java.runtime.version" value="1.8.0_144-b01"/>
    <property name="java.awt.graphicsenv" value="sun.awt.Win32GraphicsEnvironment"/>
    <property name="java.endorsed.dirs" value="F:\Program Files (x86)\Java\jdk1.8.0_144\jre\lib\endorsed"/>
    <property name="os.arch" value="x86"/>
    <property name="java.io.tmpdir" value="F:\Users\Owen\AppData\Local\Temp\"/>
    <property name="line.separator" value="
"/>
    <property name="java.vm.specification.vendor" value="Oracle Corporation"/>
    <property name="user.variant" value=""/>
    <property name="os.name" value="Windows 7"/>
    <property name="classworlds.conf" value="F:/Program Files/apache-maven-3.5.2/bin/m2.conf"/>
    <property name="sun.jnu.encoding" value="Cp1252"/>
    <property name="java.library.path" value="F:\Program Files (x86)\Java\jdk1.8.0_144\bin;F:\Windows\Sun\Java\bin;F:\Windows\system32;F:\Windows;F:\Users\Owen\bin;F:\Program Files\Git\mingw64\bin;F:\Program Files\Git\usr\local\bin;F:\Program Files\Git\usr\bin;F:\Program Files\Git\usr\bin;F:\Program Files\Git\mingw64\bin;F:\Program Files\Git\usr\bin;F:\Users\Owen\bin;F:\ProgramData\Oracle\Java\javapath;D:\app\Owen\product\11.2.0\dbhome_1\bin;F:\Windows\system32;F:\Windows;F:\Windows\System32\Wbem;F:\Windows\System32\WindowsPowerShell\v1.0;F:\Program Files (x86)\Calibre2;F:\Users\Owen\AppData\Local\Programs\MiKTeX 2.9\miktex\bin;D:\IBM\Client Access\Emulator;D:\IBM\Client Access\Shared;D:\IBM\Client Access;F:\Program Files (x86)\Livestreamer;F:\Program Files\doxygen\bin;F:\Program Files\Microsoft SQL Server\130\Tools\Binn;F:\Program Files\dotnet;F:\Program Files (x86)\Java\jdk1.8.0_144\bin;F:\Program Files\nodejs;F:\Program Files (x86)\Yarn\bin;F:\Mingw\bin;F:\Python27;F:\Python27\Scripts;F:\Python27\Lib\site-packages;F:\Python27\workspace;F:\Program Files (x86)\Java\jdk1.8.0_144\bin;F:\Program Files (x86)\SSH Communications Security\SSH Secure Shell;F:\Users\Owen\AppData\Local\GitHubDesktop\bin;F:\Program Files\apache-maven-3.5.2\bin;F:\Program Files\Heroku\bin;F:\Program Files\Microsoft VS Code\bin;F:\Users\Owen\AppData\Roaming\npm;F:\Users\Owen\AppData\Local\Yarn\bin;F:\Program Files\Git\usr\bin\vendor_perl;F:\Program Files\Git\usr\bin\core_perl;."/>
    <property name="jansi.passthrough" value="true"/>
    <property name="maven.conf" value="F:/Program Files/apache-maven-3.5.2/conf"/>
    <property name="java.specification.name" value="Java Platform API Specification"/>
    <property name="java.class.version" value="52.0"/>
    <property name="sun.management.compiler" value="HotSpot Client Compiler"/>
    <property name="os.version" value="6.1"/>
    <property name="library.jansi.path" value="F:/Program Files/apache-maven-3.5.2/lib/jansi-native"/>
    <property name="user.home" value="F:\Users\Owen"/>
    <property name="user.timezone" value="America/New_York"/>
    <property name="java.awt.printerjob" value="sun.awt.windows.WPrinterJob"/>
    <property name="java.specification.version" value="1.8"/>
    <property name="file.encoding" value="Cp1252"/>
    <property name="user.name" value="Owen"/>
    <property name="java.class.path" value="F:/Program Files/apache-maven-3.5.2/boot/plexus-classworlds-2.5.2.jar"/>
    <property name="java.vm.specification.version" value="1.8"/>
    <property name="sun.arch.data.model" value="32"/>
    <property name="java.home" value="F:\Program Files (x86)\Java\jdk1.8.0_144\jre"/>
    <property name="sun.java.command" value="org.codehaus.plexus.classworlds.launcher.Launcher package"/>
    <property name="java.specification.vendor" value="Oracle Corporation"/>
    <property name="user.language" value="en"/>
    <property name="awt.toolkit" value="sun.awt.windows.WToolkit"/>
    <property name="java.vm.info" value="mixed mode, sharing"/>
    <property name="java.version" value="1.8.0_144"/>
    <property name="java.ext.dirs" value="F:\Program Files (x86)\Java\jdk1.8.0_144\jre\lib\ext;F:\Windows\Sun\Java\lib\ext"/>
    <property name="sun.boot.class.path" value="F:\Program Files (x86)\Java\jdk1.8.0_144\jre\lib\resources.jar;F:\Program Files (x86)\Java\jdk1.8.0_144\jre\lib\rt.jar;F:\Program Files (x86)\Java\jdk1.8.0_144\jre\lib\sunrsasign.jar;F:\Program Files (x86)\Java\jdk1.8.0_144\jre\lib\jsse.jar;F:\Program Files (x86)\Java\jdk1.8.0_144\jre\lib\jce.jar;F:\Program Files (x86)\Java\jdk1.8.0_144\jre\lib\charsets.jar;F:\Program Files (x86)\Java\jdk1.8.0_144\jre\lib\jfr.jar;F:\Program Files (x86)\Java\jdk1.8.0_144\jre\classes"/>
    <property name="java.vendor" value="Oracle Corporation"/>
    <property name="maven.home" value="F:\Program Files\apache-maven-3.5.2"/>
    <property name="file.separator" value="\"/>
    <property name="java.vendor.url.bug" value="http://bugreport.sun.com/bugreport/"/>
    <property name="sun.cpu.endian" value="little"/>
    <property name="sun.io.unicode.encoding" value="UnicodeLittle"/>
    <property name="sun.desktop" value="windows"/>
    <property name="sun.cpu.isalist" value="pentium_pro+mmx pentium_pro pentium+mmx pentium i486 i386 i86"/>
  </properties>
  <testcase classname="test.java.PhonenumbersTest" name="testdoPost" time="0.281">
    <failure message="expected:&lt;[[&quot;(908) 908-9008&quot;,&quot;(907) 907-9007&quot;,&quot;(906) 906-9006&quot;]]&gt; but was:&lt;[[]]&gt;" type="junit.framework.ComparisonFailure">junit.framework.ComparisonFailure: expected:&lt;[[&quot;(908) 908-9008&quot;,&quot;(907) 907-9007&quot;,&quot;(906) 906-9006&quot;]]&gt; but was:&lt;[[]]&gt;
	at junit.framework.Assert.assertEquals(Assert.java:100)
	at junit.framework.Assert.assertEquals(Assert.java:107)
	at junit.framework.TestCase.assertEquals(TestCase.java:269)
	at test.java.PhonenumbersTest.testdoPost(PhonenumbersTest.java:180)
	at sun.reflect.NativeMethodAccessorImpl.invoke0(Native Method)
	at sun.reflect.NativeMethodAccessorImpl.invoke(NativeMethodAccessorImpl.java:62)
	at sun.reflect.DelegatingMethodAccessorImpl.invoke(DelegatingMethodAccessorImpl.java:43)
	at java.lang.reflect.Method.invoke(Method.java:498)
	at junit.framework.TestCase.runTest(TestCase.java:176)
	at junit.framework.TestCase.runBare(TestCase.java:141)
	at junit.framework.TestResult$1.protect(TestResult.java:122)
	at junit.framework.TestResult.runProtected(TestResult.java:142)
	at junit.framework.TestResult.run(TestResult.java:125)
	at junit.framework.TestCase.run(TestCase.java:129)
	at junit.framework.TestSuite.runTest(TestSuite.java:252)
	at junit.framework.TestSuite.run(TestSuite.java:247)
	at org.junit.internal.runners.JUnit38ClassRunner.run(JUnit38ClassRunner.java:86)
	at org.apache.maven.surefire.junit4.JUnit4Provider.execute(JUnit4Provider.java:252)
	at org.apache.maven.surefire.junit4.JUnit4Provider.executeTestSet(JUnit4Provider.java:141)
	at org.apache.maven.surefire.junit4.JUnit4Provider.invoke(JUnit4Provider.java:112)
	at sun.reflect.NativeMethodAccessorImpl.invoke0(Native Method)
	at sun.reflect.NativeMethodAccessorImpl.invoke(NativeMethodAccessorImpl.java:62)
	at sun.reflect.DelegatingMethodAccessorImpl.invoke(DelegatingMethodAccessorImpl.java:43)
	at java.lang.reflect.Method.invoke(Method.java:498)
	at org.apache.maven.surefire.util.ReflectionUtils.invokeMethodWithArray(ReflectionUtils.java:189)
	at org.apache.maven.surefire.booter.ProviderFactory$ProviderProxy.invoke(ProviderFactory.java:165)
	at org.apache.maven.surefire.booter.ProviderFactory.invokeProvider(ProviderFactory.java:85)
	at org.apache.maven.surefire.booter.ForkedBooter.runSuitesInProcess(ForkedBooter.java:115)
	at org.apache.maven.surefire.booter.ForkedBooter.main(ForkedBooter.java:75)
</failure>
    <system-out>Test #3
Expected Result: [&quot;(908) 908-9008&quot;,&quot;(907) 907-9007&quot;,&quot;(906) 906-9006&quot;]	Actual Result: []
</system-out>
    <system-err>org.apache.commons.fileupload.FileUploadBase$InvalidContentTypeException: the request doesn&apos;t contain a multipart/form-data or multipart/mixed stream, content type header is null
	at org.apache.commons.fileupload.FileUploadBase$FileItemIteratorImpl.&lt;init&gt;(FileUploadBase.java:885)
	at org.apache.commons.fileupload.FileUploadBase.getItemIterator(FileUploadBase.java:331)
	at org.apache.commons.fileupload.servlet.ServletFileUpload.getItemIterator(ServletFileUpload.java:148)
	at net.codejava.Phonenumbers.doPost(Phonenumbers.java:95)
	at test.java.PhonenumbersTest.testdoPost(PhonenumbersTest.java:174)
	at sun.reflect.NativeMethodAccessorImpl.invoke0(Native Method)
	at sun.reflect.NativeMethodAccessorImpl.invoke(NativeMethodAccessorImpl.java:62)
	at sun.reflect.DelegatingMethodAccessorImpl.invoke(DelegatingMethodAccessorImpl.java:43)
	at java.lang.reflect.Method.invoke(Method.java:498)
	at junit.framework.TestCase.runTest(TestCase.java:176)
	at junit.framework.TestCase.runBare(TestCase.java:141)
	at junit.framework.TestResult$1.protect(TestResult.java:122)
	at junit.framework.TestResult.runProtected(TestResult.java:142)
	at junit.framework.TestResult.run(TestResult.java:125)
	at junit.framework.TestCase.run(TestCase.java:129)
	at junit.framework.TestSuite.runTest(TestSuite.java:252)
	at junit.framework.TestSuite.run(TestSuite.java:247)
	at org.junit.internal.runners.JUnit38ClassRunner.run(JUnit38ClassRunner.java:86)
	at org.apache.maven.surefire.junit4.JUnit4Provider.execute(JUnit4Provider.java:252)
	at org.apache.maven.surefire.junit4.JUnit4Provider.executeTestSet(JUnit4Provider.java:141)
	at org.apache.maven.surefire.junit4.JUnit4Provider.invoke(JUnit4Provider.java:112)
	at sun.reflect.NativeMethodAccessorImpl.invoke0(Native Method)
	at sun.reflect.NativeMethodAccessorImpl.invoke(NativeMethodAccessorImpl.java:62)
	at sun.reflect.DelegatingMethodAccessorImpl.invoke(DelegatingMethodAccessorImpl.java:43)
	at java.lang.reflect.Method.invoke(Method.java:498)
	at org.apache.maven.surefire.util.ReflectionUtils.invokeMethodWithArray(ReflectionUtils.java:189)
	at org.apache.maven.surefire.booter.ProviderFactory$ProviderProxy.invoke(ProviderFactory.java:165)
	at org.apache.maven.surefire.booter.ProviderFactory.invokeProvider(ProviderFactory.java:85)
	at org.apache.maven.surefire.booter.ForkedBooter.runSuitesInProcess(ForkedBooter.java:115)
	at org.apache.maven.surefire.booter.ForkedBooter.main(ForkedBooter.java:75)
</system-err>
  </testcase>
  <testcase classname="test.java.PhonenumbersTest" name="test" time="0.047"/>
  <testcase classname="test.java.PhonenumbersTest" name="test1" time="0"/>
  <testcase classname="test.java.PhonenumbersTest" name="test2" time="0"/>
</testsuite>